============================= test session starts ==============================
platform linux -- Python 3.14.2, pytest-9.1.1, pluggy-1.6.0 -- /home/luis-enrique/miniconda3/envs/machine_learning_env/bin/python
cachedir: .pytest_cache
rootdir: /home/luis-enrique/Desktop/Datascience_BIomedicas/Labs - Clase - Tareas/lab05/clinlab
configfile: pyproject.toml
plugins: Faker-40.8.0, cov-7.1.0, anyio-4.12.0, typeguard-4.5.2
collecting ... collected 1 item

tests/test_validation.py::test_non_numeric_mask_treats_blank_strings_as_missing FAILED [100%]

=================================== FAILURES ===================================
____________ test_non_numeric_mask_treats_blank_strings_as_missing _____________

    def test_non_numeric_mask_treats_blank_strings_as_missing() -> None:
        values = pd.Series(["", "   ", None, "No", "42"])
    
        result = non_numeric_mask(values)
    
>       assert result.tolist() == [False, False, False, True, False]
E       AssertionError: assert [True, True, ..., True, False] == [False, False..., True, False]
E         
E         At index 0 diff: True != False
E         
E         Full diff:
E           [
E         -     False,
E         -     False,...
E         
E         ...Full output truncated (6 lines hidden), use '-vv' to show

tests/test_validation.py:31: AssertionError
=========================== short test summary info ============================
FAILED tests/test_validation.py::test_non_numeric_mask_treats_blank_strings_as_missing
============================== 1 failed in 0.73s ===============================
