============================= test session starts ==============================
platform linux -- Python 3.14.2, pytest-9.1.1, pluggy-1.6.0 -- /home/luis-enrique/miniconda3/envs/machine_learning_env/bin/python
cachedir: .pytest_cache
rootdir: /home/luis-enrique/Desktop/Datascience_BIomedicas/Labs - Clase - Tareas/lab05/clinlab
configfile: pyproject.toml
plugins: Faker-40.8.0, cov-7.1.0, anyio-4.12.0, typeguard-4.5.2
collecting ... collected 1 item

tests/test_validation.py::test_non_numeric_mask_treats_blank_strings_as_missing PASSED [100%]

============================== 1 passed in 0.25s ===============================
